\BOOKMARK [1][-]{section.1}{Introduction}{}% 1
\BOOKMARK [2][-]{section*.1}{}{section.1}% 2
\BOOKMARK [3][-]{section*.2}{}{section*.1}% 3
\BOOKMARK [1][-]{section.2}{Case}{}% 4
\BOOKMARK [2][-]{subsection.2.1}{Description}{section.2}% 5
\BOOKMARK [3][-]{section*.3}{}{subsection.2.1}% 6
\BOOKMARK [4][-]{section*.5}{}{section*.3}% 7
\BOOKMARK [4][-]{section*.6}{}{section*.3}% 8
\BOOKMARK [2][-]{subsection.2.2}{Hypotheses}{section.2}% 9
\BOOKMARK [1][-]{section.3}{Mesh generation}{}% 10
\BOOKMARK [2][-]{subsection.3.1}{blockMesh}{section.3}% 11
\BOOKMARK [3][-]{section*.8}{}{subsection.3.1}% 12
\BOOKMARK [4][-]{section*.9}{}{section*.8}% 13
\BOOKMARK [4][-]{section*.10}{}{section*.8}% 14
\BOOKMARK [4][-]{section*.11}{}{section*.8}% 15
\BOOKMARK [4][-]{section*.12}{}{section*.8}% 16
\BOOKMARK [2][-]{subsection.3.2}{Mesh refinement}{section.3}% 17
\BOOKMARK [3][-]{section*.14}{}{subsection.3.2}% 18
\BOOKMARK [4][-]{section*.15}{}{section*.14}% 19
\BOOKMARK [4][-]{section*.16}{}{section*.14}% 20
\BOOKMARK [3][-]{subsubsection.3.2.1}{Coarse mesh}{subsection.3.2}% 21
\BOOKMARK [3][-]{subsubsection.3.2.2}{Standard mesh}{subsection.3.2}% 22
\BOOKMARK [3][-]{subsubsection.3.2.3}{Dense mesh}{subsection.3.2}% 23
